-2020-11-30  INFO 17840 --- [main] com.tulingxueyuan.Application            : Starting Application on DESKTOP-FGTQI9C with PID 17840 (D:\ideaworkspace\java\springboot\springboot_parent\06_springboot_logging\target\classes started by zengjin in D:\ideaworkspace\java\springboot\springboot_parent)
-2020-11-30 DEBUG 17840 --- [main] com.tulingxueyuan.Application            : Running with Spring Boot v2.3.6.RELEASE, Spring v5.2.11.RELEASE
-2020-11-30  INFO 17840 --- [main] com.tulingxueyuan.Application            : No active profile set, falling back to default profiles: default
-2020-11-30  INFO 17840 --- [main] o.s.b.w.embedded.tomcat.TomcatWebServer  : Tomcat initialized with port(s): 8080 (http)
-2020-11-30  INFO 17840 --- [main] o.apache.catalina.core.StandardService   : Starting service [Tomcat]
-2020-11-30  INFO 17840 --- [main] org.apache.catalina.core.StandardEngine  : Starting Servlet engine: [Apache Tomcat/9.0.39]
-2020-11-30  INFO 17840 --- [main] o.a.catalina.core.AprLifecycleListener   : An older version [1.2.16] of the Apache Tomcat Native library is installed, while Tomcat recommends a minimum version of [1.2.23]
-2020-11-30  INFO 17840 --- [main] o.a.catalina.core.AprLifecycleListener   : Loaded Apache Tomcat Native library [1.2.16] using APR version [1.6.3].
-2020-11-30  INFO 17840 --- [main] o.a.catalina.core.AprLifecycleListener   : APR capabilities: IPv6 [true], sendfile [true], accept filters [false], random [true].
-2020-11-30  INFO 17840 --- [main] o.a.catalina.core.AprLifecycleListener   : APR/OpenSSL configuration: useAprConnector [false], useOpenSSL [true]
-2020-11-30  INFO 17840 --- [main] o.a.catalina.core.AprLifecycleListener   : OpenSSL successfully initialized [OpenSSL 1.0.2m  2 Nov 2017]
-2020-11-30  INFO 17840 --- [main] o.a.c.c.C.[Tomcat].[localhost].[/]       : Initializing Spring embedded WebApplicationContext
-2020-11-30  INFO 17840 --- [main] w.s.c.ServletWebServerApplicationContext : Root WebApplicationContext: initialization completed in 2310 ms
-2020-11-30  INFO 17840 --- [main] o.s.s.concurrent.ThreadPoolTaskExecutor  : Initializing ExecutorService 'applicationTaskExecutor'
-2020-11-30  INFO 17840 --- [main] o.s.b.w.embedded.tomcat.TomcatWebServer  : Tomcat started on port(s): 8080 (http) with context path ''
-2020-11-30  INFO 17840 --- [main] com.tulingxueyuan.Application            : Started Application in 3.277 seconds (JVM running for 4.627)
-2020-11-30 TRACE 17840 --- [main] com.tulingxueyuan.Application            : 跟踪
-2020-11-30 DEBUG 17840 --- [main] com.tulingxueyuan.Application            : 调试
-2020-11-30  INFO 17840 --- [main] com.tulingxueyuan.Application            : 信息
-2020-11-30  WARN 17840 --- [main] com.tulingxueyuan.Application            : 警告
-2020-11-30 ERROR 17840 --- [main] com.tulingxueyuan.Application            : 异常
